Using pre-set license
Built from '2020.3/staging' branch; Version is '2020.3.4f1 (0abb6314276a) revision 703331'; Using compiler version '192528614'; Build Type 'Release'
OS: 'Windows 10 Pro; OS build 22000.376; Version 2009; 64bit' Language: 'es' Physical Memory: 16201 MB
BatchMode: 1, IsHumanControllingUs: 0, StartBugReporterOnCrash: 0, Is64bit: 1, IsPro: 0

 COMMAND LINE ARGUMENTS:
C:\Program Files\Unity\Hub\Editor\2020.3.4f1\Editor\Unity.exe
-adb2
-batchMode
-noUpm
-name
AssetImportWorker0
-projectPath
C:/Carpetas personales/Estudio Autodidacta/Repos/Dialogue-System/Dialogue System
-logFile
Logs/AssetImportWorker0.log
-srvPort
51997
Successfully changed project path to: C:/Carpetas personales/Estudio Autodidacta/Repos/Dialogue-System/Dialogue System
C:/Carpetas personales/Estudio Autodidacta/Repos/Dialogue-System/Dialogue System
Using Asset Import Pipeline V2.
Refreshing native plugins compatible for Editor in 30.00 ms, found 1 plugins.
Preloading 0 native plugins for Editor in 0.00 ms.
Initialize engine version: 2020.3.4f1 (0abb6314276a)
[Subsystems] Discovering subsystems at path C:/Program Files/Unity/Hub/Editor/2020.3.4f1/Editor/Data/Resources/UnitySubsystems
[Subsystems] Discovering subsystems at path C:/Carpetas personales/Estudio Autodidacta/Repos/Dialogue-System/Dialogue System/Assets
GfxDevice: creating device client; threaded=0
Direct3D:
    Version:  Direct3D 11.0 [level 11.1]
    Renderer: NVIDIA GeForce RTX 2060 (ID=0x1f15)
    Vendor:   
    VRAM:     5980 MB
    Driver:   26.21.14.4223
Initialize mono
Mono path[0] = 'C:/Program Files/Unity/Hub/Editor/2020.3.4f1/Editor/Data/Managed'
Mono path[1] = 'C:/Program Files/Unity/Hub/Editor/2020.3.4f1/Editor/Data/MonoBleedingEdge/lib/mono/unityjit'
Mono config path = 'C:/Program Files/Unity/Hub/Editor/2020.3.4f1/Editor/Data/MonoBleedingEdge/etc'
Using monoOptions --debugger-agent=transport=dt_socket,embedding=1,server=y,suspend=n,address=127.0.0.1:56856
Begin MonoManager ReloadAssembly
Registering precompiled unity dll's ...
Register platform support module: C:/Program Files/Unity/Hub/Editor/2020.3.4f1/Editor/Data/PlaybackEngines/WebGLSupport/UnityEditor.WebGL.Extensions.dll
Register platform support module: C:/Program Files/Unity/Hub/Editor/2020.3.4f1/Editor/Data/PlaybackEngines/WindowsStandaloneSupport/UnityEditor.WindowsStandalone.Extensions.dll
Registered in 0.001343 seconds.
Native extension for WindowsStandalone target not found
Native extension for WebGL target not found
Refreshing native plugins compatible for Editor in 29.41 ms, found 1 plugins.
Preloading 0 native plugins for Editor in 0.00 ms.
Mono: successfully reloaded assembly
- Completed reload, in  1.842 seconds
Platform modules already initialized, skipping
Registering precompiled user dll's ...
Registered in 0.000650 seconds.
Begin MonoManager ReloadAssembly
Native extension for WindowsStandalone target not found
Native extension for WebGL target not found
Refreshing native plugins compatible for Editor in 30.67 ms, found 1 plugins.
Preloading 0 native plugins for Editor in 0.00 ms.
Mono: successfully reloaded assembly
- Completed reload, in  0.786 seconds
Platform modules already initialized, skipping
========================================================================
Worker process is ready to serve import requests
Launched and connected shader compiler UnityShaderCompiler.exe after 0.03 seconds
Refreshing native plugins compatible for Editor in 0.30 ms, found 1 plugins.
Preloading 0 native plugins for Editor in 0.00 ms.
Unloading 1808 Unused Serialized files (Serialized files now loaded: 0)
System memory in use before: 85.4 MB.
System memory in use after: 85.3 MB.

Unloading 24 unused Assets to reduce memory usage. Loaded Objects now: 2250.
Total: 1.972300 ms (FindLiveObjects: 0.251100 ms CreateObjectMapping: 0.060300 ms MarkObjects: 1.406200 ms  DeleteObjects: 0.098700 ms)

========================================================================
Received Import Request.
  path: Assets
  artifactKey: Guid(00000000000000001000000000000000) Importer(815301076,1909f56bfc062723c751e8b465ee728b)
Start importing Assets using Guid(00000000000000001000000000000000) Importer(815301076,1909f56bfc062723c751e8b465ee728b)  -> (artifact id: '025e4f587c23674256bb898581e82961') in 0.009441 seconds
  Import took 0.011743 seconds .

========================================================================
Received Import Request.
  Time since last request: 1.432111 seconds.
  path: Assets/Scripts
  artifactKey: Guid(22667333b1a0a3549a8134b36da5232d) Importer(815301076,1909f56bfc062723c751e8b465ee728b)
Start importing Assets/Scripts using Guid(22667333b1a0a3549a8134b36da5232d) Importer(815301076,1909f56bfc062723c751e8b465ee728b)  -> (artifact id: 'bf3e5d2ce245188236dbbd1e550e8420') in 0.008719 seconds
  Import took 0.011617 seconds .

========================================================================
Received Import Request.
  Time since last request: 11.992003 seconds.
  path: Assets/Sprites
  artifactKey: Guid(46ea92f67c357c646b1ed7421b61ae4e) Importer(815301076,1909f56bfc062723c751e8b465ee728b)
Start importing Assets/Sprites using Guid(46ea92f67c357c646b1ed7421b61ae4e) Importer(815301076,1909f56bfc062723c751e8b465ee728b)  -> (artifact id: '68903220282418e74e4a69cdbc08ffe0') in 0.008921 seconds
  Import took 0.011755 seconds .

========================================================================
Received Import Request.
  Time since last request: 6.742622 seconds.
  path: Assets/Sprites/Characters
  artifactKey: Guid(52f83735e6ca4ab4eb85f56f2fc192c9) Importer(815301076,1909f56bfc062723c751e8b465ee728b)
Start importing Assets/Sprites/Characters using Guid(52f83735e6ca4ab4eb85f56f2fc192c9) Importer(815301076,1909f56bfc062723c751e8b465ee728b)  -> (artifact id: '8a147d60bd23b3f3c4dcc7c1ad950fde') in 0.008125 seconds
  Import took 0.011697 seconds .

========================================================================
Received Import Request.
  Time since last request: 4.618760 seconds.
  path: Assets/Sprites/UI
  artifactKey: Guid(59e6e54f5efea1242bc9aa65b05dad96) Importer(815301076,1909f56bfc062723c751e8b465ee728b)
Start importing Assets/Sprites/UI using Guid(59e6e54f5efea1242bc9aa65b05dad96) Importer(815301076,1909f56bfc062723c751e8b465ee728b)  -> (artifact id: '389857879d907d62d6790c3878e5f629') in 0.007170 seconds
  Import took 0.010001 seconds .

========================================================================
Received Import Request.
  Time since last request: 37.278330 seconds.
  path: Assets/ScriptableObjects
  artifactKey: Guid(ad47c25c7cb165040bb62ded61abd6dc) Importer(815301076,1909f56bfc062723c751e8b465ee728b)
Start importing Assets/ScriptableObjects using Guid(ad47c25c7cb165040bb62ded61abd6dc) Importer(815301076,1909f56bfc062723c751e8b465ee728b)  -> (artifact id: 'dea39742f380dc3e5eb372bf767908fa') in 0.007632 seconds
  Import took 0.011404 seconds .

========================================================================
Received Import Request.
  Time since last request: 2.479849 seconds.
  path: Assets/Scenes
  artifactKey: Guid(0655c1860846223438cf2fa411203a7b) Importer(815301076,1909f56bfc062723c751e8b465ee728b)
Start importing Assets/Scenes using Guid(0655c1860846223438cf2fa411203a7b) Importer(815301076,1909f56bfc062723c751e8b465ee728b)  -> (artifact id: '8bb10a1cb89bc8c1a8b3a7d6a4ea1cd2') in 0.008258 seconds
  Import took 0.011527 seconds .

========================================================================
Received Import Request.
  Time since last request: 0.000407 seconds.
  path: Assets/Scenes
  artifactKey: Guid(0655c1860846223438cf2fa411203a7b) Importer(815301076,1909f56bfc062723c751e8b465ee728b)
Start importing Assets/Scenes using Guid(0655c1860846223438cf2fa411203a7b) Importer(815301076,1909f56bfc062723c751e8b465ee728b)  -> (artifact id: '8bb10a1cb89bc8c1a8b3a7d6a4ea1cd2') in 0.002799 seconds
  Import took 0.005482 seconds .

========================================================================
Received Import Request.
  Time since last request: 9.251774 seconds.
  path: Assets/Scripts/S_Dialogue.cs
  artifactKey: Guid(e5571cad43e221b43bcaab4d60ad6ddf) Importer(815301076,1909f56bfc062723c751e8b465ee728b)
Start importing Assets/Scripts/S_Dialogue.cs using Guid(e5571cad43e221b43bcaab4d60ad6ddf) Importer(815301076,1909f56bfc062723c751e8b465ee728b)  -> (artifact id: '164754159432509484a77d191f91859d') in 0.023455 seconds
  Import took 0.026014 seconds .

========================================================================
Received Prepare
Registering precompiled user dll's ...
Registered in 0.001088 seconds.
Begin MonoManager ReloadAssembly
Native extension for WindowsStandalone target not found
Native extension for WebGL target not found
Refreshing native plugins compatible for Editor in 0.33 ms, found 1 plugins.
Preloading 0 native plugins for Editor in 0.00 ms.
Mono: successfully reloaded assembly
- Completed reload, in  0.739 seconds
Platform modules already initialized, skipping
Refreshing native plugins compatible for Editor in 0.32 ms, found 1 plugins.
Preloading 0 native plugins for Editor in 0.00 ms.
Unloading 1804 Unused Serialized files (Serialized files now loaded: 0)
System memory in use before: 85.4 MB.
System memory in use after: 85.4 MB.

Unloading 12 unused Assets to reduce memory usage. Loaded Objects now: 2255.
Total: 2.025400 ms (FindLiveObjects: 0.184400 ms CreateObjectMapping: 0.072100 ms MarkObjects: 1.555500 ms  DeleteObjects: 0.212000 ms)

========================================================================
Received Import Request.
  Time since last request: 8.297949 seconds.
  path: Assets/Scripts/S
  artifactKey: Guid(21548370b071e0b468e0b9ace19973b4) Importer(815301076,1909f56bfc062723c751e8b465ee728b)
Start importing Assets/Scripts/S using Guid(21548370b071e0b468e0b9ace19973b4) Importer(815301076,1909f56bfc062723c751e8b465ee728b)  -> (artifact id: 'afcfc2ee91a4217fdd880d41bb57c555') in 0.010212 seconds
  Import took 0.013644 seconds .

========================================================================
Received Import Request.
  Time since last request: 49.701654 seconds.
  path: Assets/Scripts/S_DialogueManager.cs
  artifactKey: Guid(a83ef50d8d941704cb76366271934355) Importer(815301076,1909f56bfc062723c751e8b465ee728b)
Start importing Assets/Scripts/S_DialogueManager.cs using Guid(a83ef50d8d941704cb76366271934355) Importer(815301076,1909f56bfc062723c751e8b465ee728b)  -> (artifact id: '71ba354b5b2572d91082be016bccafaa') in 0.007066 seconds
  Import took 0.010070 seconds .

========================================================================
Received Prepare
Registering precompiled user dll's ...
Registered in 0.000647 seconds.
Begin MonoManager ReloadAssembly
Native extension for WindowsStandalone target not found
Native extension for WebGL target not found
Refreshing native plugins compatible for Editor in 0.30 ms, found 1 plugins.
Preloading 0 native plugins for Editor in 0.00 ms.
Mono: successfully reloaded assembly
- Completed reload, in  0.728 seconds
Platform modules already initialized, skipping
Refreshing native plugins compatible for Editor in 0.31 ms, found 1 plugins.
Preloading 0 native plugins for Editor in 0.00 ms.
Unloading 1805 Unused Serialized files (Serialized files now loaded: 0)
System memory in use before: 85.4 MB.
System memory in use after: 85.4 MB.

Unloading 12 unused Assets to reduce memory usage. Loaded Objects now: 2260.
Total: 1.830500 ms (FindLiveObjects: 0.186700 ms CreateObjectMapping: 0.071200 ms MarkObjects: 1.480600 ms  DeleteObjects: 0.090700 ms)

========================================================================
Received Import Request.
  Time since last request: 11.869187 seconds.
  path: Assets/Scripts/DialogueUiManager.cs
  artifactKey: Guid(c0110d2d049ed6845b5d0e040cc3ff95) Importer(815301076,1909f56bfc062723c751e8b465ee728b)
Start importing Assets/Scripts/DialogueUiManager.cs using Guid(c0110d2d049ed6845b5d0e040cc3ff95) Importer(815301076,1909f56bfc062723c751e8b465ee728b)  -> (artifact id: 'b8200ad1a9e28745d9e1145efb382333') in 0.008177 seconds
  Import took 0.011139 seconds .

========================================================================
Received Prepare
Registering precompiled user dll's ...
Registered in 0.000605 seconds.
Begin MonoManager ReloadAssembly
Native extension for WindowsStandalone target not found
Native extension for WebGL target not found
Refreshing native plugins compatible for Editor in 0.30 ms, found 1 plugins.
Preloading 0 native plugins for Editor in 0.00 ms.
Mono: successfully reloaded assembly
- Completed reload, in  0.717 seconds
Platform modules already initialized, skipping
Refreshing native plugins compatible for Editor in 0.31 ms, found 1 plugins.
Preloading 0 native plugins for Editor in 0.00 ms.
Unloading 1806 Unused Serialized files (Serialized files now loaded: 0)
System memory in use before: 85.5 MB.
System memory in use after: 85.5 MB.

Unloading 12 unused Assets to reduce memory usage. Loaded Objects now: 2265.
Total: 3.130300 ms (FindLiveObjects: 0.574200 ms CreateObjectMapping: 0.128100 ms MarkObjects: 2.127000 ms  DeleteObjects: 0.299200 ms)

========================================================================
Received Prepare
Registering precompiled user dll's ...
Registered in 0.000695 seconds.
Begin MonoManager ReloadAssembly
Native extension for WindowsStandalone target not found
Native extension for WebGL target not found
Refreshing native plugins compatible for Editor in 0.31 ms, found 1 plugins.
Preloading 0 native plugins for Editor in 0.00 ms.
Mono: successfully reloaded assembly
- Completed reload, in  0.720 seconds
Platform modules already initialized, skipping
Refreshing native plugins compatible for Editor in 0.30 ms, found 1 plugins.
Preloading 0 native plugins for Editor in 0.00 ms.
Unloading 1805 Unused Serialized files (Serialized files now loaded: 0)
System memory in use before: 85.5 MB.
System memory in use after: 85.5 MB.

Unloading 13 unused Assets to reduce memory usage. Loaded Objects now: 2268.
Total: 1.516500 ms (FindLiveObjects: 0.160300 ms CreateObjectMapping: 0.053200 ms MarkObjects: 1.222400 ms  DeleteObjects: 0.079900 ms)

========================================================================
Received Import Request.
  Time since last request: 17.940946 seconds.
  path: Assets/Scripts/S_DialogueUiManager.cs
  artifactKey: Guid(0f8fb7cfdb3da8146b711169aed49bb7) Importer(815301076,1909f56bfc062723c751e8b465ee728b)
Start importing Assets/Scripts/S_DialogueUiManager.cs using Guid(0f8fb7cfdb3da8146b711169aed49bb7) Importer(815301076,1909f56bfc062723c751e8b465ee728b)  -> (artifact id: '27834af0c61e7931c51aa224b7e8a7cf') in 0.009510 seconds
  Import took 0.012131 seconds .

========================================================================
Received Prepare
Registering precompiled user dll's ...
Registered in 0.000629 seconds.
Begin MonoManager ReloadAssembly
Native extension for WindowsStandalone target not found
Native extension for WebGL target not found
Refreshing native plugins compatible for Editor in 0.31 ms, found 1 plugins.
Preloading 0 native plugins for Editor in 0.00 ms.
Mono: successfully reloaded assembly
- Completed reload, in  0.703 seconds
Platform modules already initialized, skipping
Refreshing native plugins compatible for Editor in 0.31 ms, found 1 plugins.
Preloading 0 native plugins for Editor in 0.00 ms.
Unloading 1806 Unused Serialized files (Serialized files now loaded: 0)
System memory in use before: 85.5 MB.
System memory in use after: 85.5 MB.

Unloading 12 unused Assets to reduce memory usage. Loaded Objects now: 2273.
Total: 1.945600 ms (FindLiveObjects: 0.279600 ms CreateObjectMapping: 0.106100 ms MarkObjects: 1.418600 ms  DeleteObjects: 0.140600 ms)

========================================================================
Received Import Request.
  Time since last request: 21.177339 seconds.
  path: Assets/Scripts/S_DialogueCharacter.cs
  artifactKey: Guid(1302003ef51c4834983686db54876544) Importer(815301076,1909f56bfc062723c751e8b465ee728b)
Start importing Assets/Scripts/S_DialogueCharacter.cs using Guid(1302003ef51c4834983686db54876544) Importer(815301076,1909f56bfc062723c751e8b465ee728b)  -> (artifact id: '689c405325703087fdfc6f838daf4028') in 0.009692 seconds
  Import took 0.012334 seconds .

========================================================================
Received Prepare
Registering precompiled user dll's ...
Registered in 0.000860 seconds.
Begin MonoManager ReloadAssembly
Native extension for WindowsStandalone target not found
Native extension for WebGL target not found
Refreshing native plugins compatible for Editor in 0.30 ms, found 1 plugins.
Preloading 0 native plugins for Editor in 0.00 ms.
Mono: successfully reloaded assembly
- Completed reload, in  0.706 seconds
Platform modules already initialized, skipping
Refreshing native plugins compatible for Editor in 0.30 ms, found 1 plugins.
Preloading 0 native plugins for Editor in 0.00 ms.
Unloading 1807 Unused Serialized files (Serialized files now loaded: 0)
System memory in use before: 85.5 MB.
System memory in use after: 85.5 MB.

Unloading 12 unused Assets to reduce memory usage. Loaded Objects now: 2278.
Total: 1.682900 ms (FindLiveObjects: 0.198000 ms CreateObjectMapping: 0.056000 ms MarkObjects: 1.347900 ms  DeleteObjects: 0.080300 ms)

========================================================================
Received Import Request.
  Time since last request: 28.205154 seconds.
  path: Assets/Scripts/S_Emotions.cs
  artifactKey: Guid(a8bfbb2fcba715245b9f4f485c39620d) Importer(815301076,1909f56bfc062723c751e8b465ee728b)
Start importing Assets/Scripts/S_Emotions.cs using Guid(a8bfbb2fcba715245b9f4f485c39620d) Importer(815301076,1909f56bfc062723c751e8b465ee728b)  -> (artifact id: '1ae2827b07f7d1c36b321da5f9dbebf1') in 0.010343 seconds
  Import took 0.013551 seconds .

========================================================================
Received Prepare
Registering precompiled user dll's ...
Registered in 0.000944 seconds.
Begin MonoManager ReloadAssembly
Native extension for WindowsStandalone target not found
Native extension for WebGL target not found
Refreshing native plugins compatible for Editor in 0.31 ms, found 1 plugins.
Preloading 0 native plugins for Editor in 0.00 ms.
Mono: successfully reloaded assembly
- Completed reload, in  0.708 seconds
Platform modules already initialized, skipping
Refreshing native plugins compatible for Editor in 0.30 ms, found 1 plugins.
Preloading 0 native plugins for Editor in 0.00 ms.
Unloading 1808 Unused Serialized files (Serialized files now loaded: 0)
System memory in use before: 85.6 MB.
System memory in use after: 85.6 MB.

Unloading 12 unused Assets to reduce memory usage. Loaded Objects now: 2283.
Total: 1.964200 ms (FindLiveObjects: 0.335600 ms CreateObjectMapping: 0.069300 ms MarkObjects: 1.412100 ms  DeleteObjects: 0.146400 ms)

========================================================================
Received Import Request.
  Time since last request: 21.357926 seconds.
  path: Assets/Scripts/S_Modes.cs
  artifactKey: Guid(c9d633624f0a79e4696087822415852c) Importer(815301076,1909f56bfc062723c751e8b465ee728b)
Start importing Assets/Scripts/S_Modes.cs using Guid(c9d633624f0a79e4696087822415852c) Importer(815301076,1909f56bfc062723c751e8b465ee728b)  -> (artifact id: '1bcdc5182e85c29d86b9e333f0ed5f76') in 0.009474 seconds
  Import took 0.012897 seconds .

========================================================================
Received Prepare
Registering precompiled user dll's ...
Registered in 0.000603 seconds.
Begin MonoManager ReloadAssembly
Native extension for WindowsStandalone target not found
Native extension for WebGL target not found
Refreshing native plugins compatible for Editor in 0.32 ms, found 1 plugins.
Preloading 0 native plugins for Editor in 0.00 ms.
Mono: successfully reloaded assembly
- Completed reload, in  0.720 seconds
Platform modules already initialized, skipping
Refreshing native plugins compatible for Editor in 0.30 ms, found 1 plugins.
Preloading 0 native plugins for Editor in 0.00 ms.
Unloading 1809 Unused Serialized files (Serialized files now loaded: 0)
System memory in use before: 85.6 MB.
System memory in use after: 85.6 MB.

Unloading 12 unused Assets to reduce memory usage. Loaded Objects now: 2288.
Total: 1.575100 ms (FindLiveObjects: 0.180000 ms CreateObjectMapping: 0.060300 ms MarkObjects: 1.254500 ms  DeleteObjects: 0.079800 ms)

========================================================================
Received Import Request.
  Time since last request: 11.104372 seconds.
  path: Assets/Scripts/S_DialogueEmotions.cs
  artifactKey: Guid(a8bfbb2fcba715245b9f4f485c39620d) Importer(815301076,1909f56bfc062723c751e8b465ee728b)
Start importing Assets/Scripts/S_DialogueEmotions.cs using Guid(a8bfbb2fcba715245b9f4f485c39620d) Importer(815301076,1909f56bfc062723c751e8b465ee728b)  -> (artifact id: 'c901546ab050d866788f6f5b1855d17c') in 0.009288 seconds
  Import took 0.013479 seconds .

========================================================================
Received Prepare
Registering precompiled user dll's ...
Registered in 0.000729 seconds.
Begin MonoManager ReloadAssembly
Native extension for WindowsStandalone target not found
Native extension for WebGL target not found
Refreshing native plugins compatible for Editor in 0.30 ms, found 1 plugins.
Preloading 0 native plugins for Editor in 0.00 ms.
Mono: successfully reloaded assembly
- Completed reload, in  0.709 seconds
Platform modules already initialized, skipping
Refreshing native plugins compatible for Editor in 0.30 ms, found 1 plugins.
Preloading 0 native plugins for Editor in 0.00 ms.
Unloading 1809 Unused Serialized files (Serialized files now loaded: 0)
System memory in use before: 85.6 MB.
System memory in use after: 85.6 MB.

Unloading 12 unused Assets to reduce memory usage. Loaded Objects now: 2292.
Total: 1.596600 ms (FindLiveObjects: 0.158700 ms CreateObjectMapping: 0.066200 ms MarkObjects: 1.289500 ms  DeleteObjects: 0.081400 ms)

========================================================================
Received Import Request.
  Time since last request: 9.118984 seconds.
  path: Assets/Scripts/S_DialogueModes.cs
  artifactKey: Guid(c9d633624f0a79e4696087822415852c) Importer(815301076,1909f56bfc062723c751e8b465ee728b)
Start importing Assets/Scripts/S_DialogueModes.cs using Guid(c9d633624f0a79e4696087822415852c) Importer(815301076,1909f56bfc062723c751e8b465ee728b)  -> (artifact id: '371fe6f13a94255b505845816133fd0c') in 0.009546 seconds
  Import took 0.013026 seconds .

========================================================================
Received Prepare
Registering precompiled user dll's ...
Registered in 0.000603 seconds.
Begin MonoManager ReloadAssembly
Native extension for WindowsStandalone target not found
Native extension for WebGL target not found
Refreshing native plugins compatible for Editor in 0.30 ms, found 1 plugins.
Preloading 0 native plugins for Editor in 0.00 ms.
Mono: successfully reloaded assembly
- Completed reload, in  0.705 seconds
Platform modules already initialized, skipping
Refreshing native plugins compatible for Editor in 0.31 ms, found 1 plugins.
Preloading 0 native plugins for Editor in 0.00 ms.
Unloading 1809 Unused Serialized files (Serialized files now loaded: 0)
System memory in use before: 85.6 MB.
System memory in use after: 85.6 MB.

Unloading 12 unused Assets to reduce memory usage. Loaded Objects now: 2296.
Total: 1.683600 ms (FindLiveObjects: 0.251600 ms CreateObjectMapping: 0.088900 ms MarkObjects: 1.261100 ms  DeleteObjects: 0.081300 ms)

========================================================================
Received Import Request.
  Time since last request: 20.321452 seconds.
  path: Assets/Dialogues
  artifactKey: Guid(511ad1701e310d548a9c82f3761e4345) Importer(815301076,1909f56bfc062723c751e8b465ee728b)
Start importing Assets/Dialogues using Guid(511ad1701e310d548a9c82f3761e4345) Importer(815301076,1909f56bfc062723c751e8b465ee728b)  -> (artifact id: '5a6bcaa55cd49b504a27d30ebf3b5222') in 0.011078 seconds
  Import took 0.015345 seconds .

========================================================================
Received Import Request.
  Time since last request: 493.045183 seconds.
  path: Assets/Dialogues/Example1.txt
  artifactKey: Guid(e90f13ec0615122479b6f7ef5520b5b0) Importer(815301076,1909f56bfc062723c751e8b465ee728b)
Start importing Assets/Dialogues/Example1.txt using Guid(e90f13ec0615122479b6f7ef5520b5b0) Importer(815301076,1909f56bfc062723c751e8b465ee728b)  -> (artifact id: '880cdefa1857291714c9605e59ba9eae') in 0.020087 seconds
  Import took 0.022757 seconds .

========================================================================
Received Import Request.
  Time since last request: 1534.118642 seconds.
  path: Assets/Sprites/Characters/1_Angryl.png
  artifactKey: Guid(db8ecd707aec0aa4ab50adcac208aae6) Importer(815301076,1909f56bfc062723c751e8b465ee728b)
Start importing Assets/Sprites/Characters/1_Angryl.png using Guid(db8ecd707aec0aa4ab50adcac208aae6) Importer(815301076,1909f56bfc062723c751e8b465ee728b)  -> (artifact id: '70a16c0711eb6c8230c9db09356b792f') in 0.062632 seconds
  Import took 0.065578 seconds .

========================================================================
Received Import Request.
  Time since last request: 0.000140 seconds.
  path: Assets/Sprites/Characters/1_Neutral.png
  artifactKey: Guid(1fd4b0ae92d9c3d4f8612db99fa620f1) Importer(815301076,1909f56bfc062723c751e8b465ee728b)
Start importing Assets/Sprites/Characters/1_Neutral.png using Guid(1fd4b0ae92d9c3d4f8612db99fa620f1) Importer(815301076,1909f56bfc062723c751e8b465ee728b)  -> (artifact id: '26a2cd6eb280beb500f049a4a10fea15') in 0.011591 seconds
  Import took 0.014220 seconds .

========================================================================
Received Import Request.
  Time since last request: 0.000117 seconds.
  path: Assets/Sprites/Characters/1_Surprised.png
  artifactKey: Guid(fb9a22e7cbc7882438ace025ef8daf13) Importer(815301076,1909f56bfc062723c751e8b465ee728b)
Start importing Assets/Sprites/Characters/1_Surprised.png using Guid(fb9a22e7cbc7882438ace025ef8daf13) Importer(815301076,1909f56bfc062723c751e8b465ee728b)  -> (artifact id: 'be78281a06efb03a0a3b0a6f14681b82') in 0.016525 seconds
  Import took 0.019293 seconds .

========================================================================
Received Import Request.
  Time since last request: 0.000154 seconds.
  path: Assets/Sprites/Characters/1_Happy.png
  artifactKey: Guid(957272cc546888a48be82fbb5ccabf11) Importer(815301076,1909f56bfc062723c751e8b465ee728b)
Start importing Assets/Sprites/Characters/1_Happy.png using Guid(957272cc546888a48be82fbb5ccabf11) Importer(815301076,1909f56bfc062723c751e8b465ee728b)  -> (artifact id: '93f168267153d6b6ccfed8be00d6f9b8') in 0.012235 seconds
  Import took 0.014822 seconds .

========================================================================
Received Import Request.
  Time since last request: 0.000198 seconds.
  path: Assets/Sprites/Characters/2_Angry.png
  artifactKey: Guid(626ec76e23e6d6b4f88a0b973749f86b) Importer(815301076,1909f56bfc062723c751e8b465ee728b)
Start importing Assets/Sprites/Characters/2_Angry.png using Guid(626ec76e23e6d6b4f88a0b973749f86b) Importer(815301076,1909f56bfc062723c751e8b465ee728b)  -> (artifact id: 'fd77a93160b389de90356e14a0ea5c85') in 0.016720 seconds
  Import took 0.019604 seconds .

========================================================================
Received Import Request.
  Time since last request: 0.000140 seconds.
  path: Assets/Sprites/Characters/2_Neutral.png
  artifactKey: Guid(3d54f2d2ed3e27d48b01a405ae5ad7b1) Importer(815301076,1909f56bfc062723c751e8b465ee728b)
Start importing Assets/Sprites/Characters/2_Neutral.png using Guid(3d54f2d2ed3e27d48b01a405ae5ad7b1) Importer(815301076,1909f56bfc062723c751e8b465ee728b)  -> (artifact id: '461264b2200c4493652faa1a813349c6') in 0.014729 seconds
  Import took 0.018118 seconds .

========================================================================
Received Import Request.
  Time since last request: 0.000191 seconds.
  path: Assets/Sprites/Characters/2_Sad.png
  artifactKey: Guid(96ccf9c0ebc0df14ba056d6fbeb5b9bc) Importer(815301076,1909f56bfc062723c751e8b465ee728b)
Start importing Assets/Sprites/Characters/2_Sad.png using Guid(96ccf9c0ebc0df14ba056d6fbeb5b9bc) Importer(815301076,1909f56bfc062723c751e8b465ee728b)  -> (artifact id: 'bae0b9f005be90e4e47f61472d6ea146') in 0.015635 seconds
  Import took 0.019403 seconds .

========================================================================
Received Import Request.
  Time since last request: 0.000146 seconds.
  path: Assets/Sprites/Characters/1_Sad.png
  artifactKey: Guid(19076d33bb0f1dc4690b1cbab75d7ada) Importer(815301076,1909f56bfc062723c751e8b465ee728b)
Start importing Assets/Sprites/Characters/1_Sad.png using Guid(19076d33bb0f1dc4690b1cbab75d7ada) Importer(815301076,1909f56bfc062723c751e8b465ee728b)  -> (artifact id: 'cc814e6a65c3646f1e39369e9f221061') in 0.018010 seconds
  Import took 0.021085 seconds .

========================================================================
Received Import Request.
  Time since last request: 0.000164 seconds.
  path: Assets/Sprites/Characters/2_Happy.png
  artifactKey: Guid(cb2646e7a5486cd418afa679c22bafda) Importer(815301076,1909f56bfc062723c751e8b465ee728b)
Start importing Assets/Sprites/Characters/2_Happy.png using Guid(cb2646e7a5486cd418afa679c22bafda) Importer(815301076,1909f56bfc062723c751e8b465ee728b)  -> (artifact id: '1e816fd8ce10a547ddea7a7bb965d0e9') in 0.016031 seconds
  Import took 0.018537 seconds .

========================================================================
Received Import Request.
  Time since last request: 0.000167 seconds.
  path: Assets/Sprites/Characters/2_Surprised.png
  artifactKey: Guid(d5618be4385d6354bb9bd3fd481d3592) Importer(815301076,1909f56bfc062723c751e8b465ee728b)
Start importing Assets/Sprites/Characters/2_Surprised.png using Guid(d5618be4385d6354bb9bd3fd481d3592) Importer(815301076,1909f56bfc062723c751e8b465ee728b)  -> (artifact id: '48491feb3e65522b1ff04511a60e672b') in 0.018848 seconds
  Import took 0.021371 seconds .

========================================================================
Received Import Request.
  Time since last request: 8.845493 seconds.
  path: Assets/Sprites/Characters/1_Angry.png
  artifactKey: Guid(db8ecd707aec0aa4ab50adcac208aae6) Importer(815301076,1909f56bfc062723c751e8b465ee728b)
Start importing Assets/Sprites/Characters/1_Angry.png using Guid(db8ecd707aec0aa4ab50adcac208aae6) Importer(815301076,1909f56bfc062723c751e8b465ee728b)  -> (artifact id: '3dcd83b8e2513221e2bffa7e14dd4b79') in 0.013803 seconds
  Import took 0.016528 seconds .

========================================================================
Received Import Request.
  Time since last request: 8.350645 seconds.
  path: Assets/Scenes/SampleScene.unity
  artifactKey: Guid(2cda990e2423bbf4892e6590ba056729) Importer(815301076,1909f56bfc062723c751e8b465ee728b)
Start importing Assets/Scenes/SampleScene.unity using Guid(2cda990e2423bbf4892e6590ba056729) Importer(815301076,1909f56bfc062723c751e8b465ee728b)  -> (artifact id: '55d65d5fff917f2d1ced4e7ecabd3689') in 0.008168 seconds
  Import took 0.010597 seconds .

========================================================================
Received Import Request.
  Time since last request: 12.290383 seconds.
  path: Assets/Scenes/Example.unity
  artifactKey: Guid(2cda990e2423bbf4892e6590ba056729) Importer(815301076,1909f56bfc062723c751e8b465ee728b)
Start importing Assets/Scenes/Example.unity using Guid(2cda990e2423bbf4892e6590ba056729) Importer(815301076,1909f56bfc062723c751e8b465ee728b)  -> (artifact id: '6775bcab72ba9771dbc9dffa5eb38e57') in 0.008379 seconds
  Import took 0.011187 seconds .

========================================================================
Received Import Request.
  Time since last request: 1330.472297 seconds.
  path: Assets/Sprites/UI/Dialog.png
  artifactKey: Guid(42c6eab514157e84ba9a13cd3526eeca) Importer(815301076,1909f56bfc062723c751e8b465ee728b)
Start importing Assets/Sprites/UI/Dialog.png using Guid(42c6eab514157e84ba9a13cd3526eeca) Importer(815301076,1909f56bfc062723c751e8b465ee728b)  -> (artifact id: '11e12302da789ee2169a04b90ed03b9f') in 0.012066 seconds
  Import took 0.015628 seconds .

========================================================================
Received Import Request.
  Time since last request: 10.634835 seconds.
  path: Assets/Sprites/UI/Dialog.png
  artifactKey: Guid(42c6eab514157e84ba9a13cd3526eeca) Importer(815301076,1909f56bfc062723c751e8b465ee728b)
Start importing Assets/Sprites/UI/Dialog.png using Guid(42c6eab514157e84ba9a13cd3526eeca) Importer(815301076,1909f56bfc062723c751e8b465ee728b)  -> (artifact id: '30d588e53f8716c78d7f73c8cdfa869e') in 0.006991 seconds
  Import took 0.009969 seconds .

========================================================================
Received Import Request.
  Time since last request: 28.108681 seconds.
  path: Assets/Sprites/UI/Dialog.png
  artifactKey: Guid(42c6eab514157e84ba9a13cd3526eeca) Importer(815301076,1909f56bfc062723c751e8b465ee728b)
Start importing Assets/Sprites/UI/Dialog.png using Guid(42c6eab514157e84ba9a13cd3526eeca) Importer(815301076,1909f56bfc062723c751e8b465ee728b)  -> (artifact id: 'a1d97df10f76b12bdf726017127660d5') in 0.007780 seconds
  Import took 0.011111 seconds .

========================================================================
Received Import Request.
  Time since last request: 8.783898 seconds.
  path: Assets/Sprites/UI/Dialog.png
  artifactKey: Guid(42c6eab514157e84ba9a13cd3526eeca) Importer(815301076,1909f56bfc062723c751e8b465ee728b)
Start importing Assets/Sprites/UI/Dialog.png using Guid(42c6eab514157e84ba9a13cd3526eeca) Importer(815301076,1909f56bfc062723c751e8b465ee728b)  -> (artifact id: '75f65f65da4a50be2eaf39f3bb03fc58') in 0.007879 seconds
  Import took 0.011181 seconds .

========================================================================
Received Import Request.
  Time since last request: 113.639212 seconds.
  path: Assets/Sprites/UI/Dialog.png
  artifactKey: Guid(42c6eab514157e84ba9a13cd3526eeca) Importer(815301076,1909f56bfc062723c751e8b465ee728b)
Start importing Assets/Sprites/UI/Dialog.png using Guid(42c6eab514157e84ba9a13cd3526eeca) Importer(815301076,1909f56bfc062723c751e8b465ee728b)  -> (artifact id: '81f3f55d56dfec0632c0dde4af22cae3') in 0.007307 seconds
  Import took 0.010742 seconds .

========================================================================
Received Import Request.
  Time since last request: 118.455996 seconds.
  path: Assets/Sprites/UI/Dialog.png
  artifactKey: Guid(42c6eab514157e84ba9a13cd3526eeca) Importer(815301076,1909f56bfc062723c751e8b465ee728b)
Start importing Assets/Sprites/UI/Dialog.png using Guid(42c6eab514157e84ba9a13cd3526eeca) Importer(815301076,1909f56bfc062723c751e8b465ee728b)  -> (artifact id: '37c08d5c8fd7284af52c95c6f1f1e0ca') in 0.007512 seconds
  Import took 0.010363 seconds .

========================================================================
Received Import Request.
  Time since last request: 15.345196 seconds.
  path: Assets/Sprites/UI/Dialog.png
  artifactKey: Guid(42c6eab514157e84ba9a13cd3526eeca) Importer(815301076,1909f56bfc062723c751e8b465ee728b)
Start importing Assets/Sprites/UI/Dialog.png using Guid(42c6eab514157e84ba9a13cd3526eeca) Importer(815301076,1909f56bfc062723c751e8b465ee728b)  -> (artifact id: '5d0f6605d4acc82ca5f7a37aba5bebc6') in 0.006711 seconds
  Import took 0.010224 seconds .

========================================================================
Received Import Request.
  Time since last request: 50.822767 seconds.
  path: Assets/Font
  artifactKey: Guid(6f4babf25d25d074da88ded1b1e100e3) Importer(815301076,1909f56bfc062723c751e8b465ee728b)
Start importing Assets/Font using Guid(6f4babf25d25d074da88ded1b1e100e3) Importer(815301076,1909f56bfc062723c751e8b465ee728b)  -> (artifact id: '95a37ba2839e37751520b151280fb1b4') in 0.009046 seconds
  Import took 0.012112 seconds .

========================================================================
Received Import Request.
  Time since last request: 24.994760 seconds.
  path: Assets/Font/FFFFORWA.TTF
  artifactKey: Guid(70172737d0ecd1f46b78a9fe73529742) Importer(815301076,1909f56bfc062723c751e8b465ee728b)
Start importing Assets/Font/FFFFORWA.TTF using Guid(70172737d0ecd1f46b78a9fe73529742) Importer(815301076,1909f56bfc062723c751e8b465ee728b)  -> (artifact id: 'cce73431e039cc43d7d8cc7c488211d1') in 0.054507 seconds
  Import took 0.057904 seconds .

========================================================================
Received Import Request.
  Time since last request: 195.095860 seconds.
  path: Assets/Sprites/Characters/2_Neutral.png
  artifactKey: Guid(3d54f2d2ed3e27d48b01a405ae5ad7b1) Importer(815301076,1909f56bfc062723c751e8b465ee728b)
Start importing Assets/Sprites/Characters/2_Neutral.png using Guid(3d54f2d2ed3e27d48b01a405ae5ad7b1) Importer(815301076,1909f56bfc062723c751e8b465ee728b)  -> (artifact id: '4abf1bb8ff8b88718f46fadaf2743c6e') in 0.012398 seconds
  Import took 0.015824 seconds .

========================================================================
Received Import Request.
  Time since last request: 0.012211 seconds.
  path: Assets/Sprites/Characters/1_Angry.png
  artifactKey: Guid(db8ecd707aec0aa4ab50adcac208aae6) Importer(815301076,1909f56bfc062723c751e8b465ee728b)
Start importing Assets/Sprites/Characters/1_Angry.png using Guid(db8ecd707aec0aa4ab50adcac208aae6) Importer(815301076,1909f56bfc062723c751e8b465ee728b)  -> (artifact id: '405016b503c0e92a9f60e9f9e163217c') in 0.008620 seconds
  Import took 0.012496 seconds .

========================================================================
Received Import Request.
  Time since last request: 0.000223 seconds.
  path: Assets/Sprites/Characters/1_Neutral.png
  artifactKey: Guid(1fd4b0ae92d9c3d4f8612db99fa620f1) Importer(815301076,1909f56bfc062723c751e8b465ee728b)
Start importing Assets/Sprites/Characters/1_Neutral.png using Guid(1fd4b0ae92d9c3d4f8612db99fa620f1) Importer(815301076,1909f56bfc062723c751e8b465ee728b)  -> (artifact id: 'cffa4718855b6ded5fb68ae0546e7114') in 0.013091 seconds
  Import took 0.016012 seconds .

========================================================================
Received Import Request.
  Time since last request: 0.000150 seconds.
  path: Assets/Sprites/Characters/1_Surprised.png
  artifactKey: Guid(fb9a22e7cbc7882438ace025ef8daf13) Importer(815301076,1909f56bfc062723c751e8b465ee728b)
Start importing Assets/Sprites/Characters/1_Surprised.png using Guid(fb9a22e7cbc7882438ace025ef8daf13) Importer(815301076,1909f56bfc062723c751e8b465ee728b)  -> (artifact id: 'e9803b8325346d1e56378123b7487b97') in 0.006571 seconds
  Import took 0.010091 seconds .

========================================================================
Received Import Request.
  Time since last request: 0.000368 seconds.
  path: Assets/Sprites/Characters/1_Happy.png
  artifactKey: Guid(957272cc546888a48be82fbb5ccabf11) Importer(815301076,1909f56bfc062723c751e8b465ee728b)
Start importing Assets/Sprites/Characters/1_Happy.png using Guid(957272cc546888a48be82fbb5ccabf11) Importer(815301076,1909f56bfc062723c751e8b465ee728b)  -> (artifact id: '25fd9959a3ef19a813593f05948424bf') in 0.007916 seconds
  Import took 0.011536 seconds .

========================================================================
Received Import Request.
  Time since last request: 0.000356 seconds.
  path: Assets/Sprites/Characters/2_Angry.png
  artifactKey: Guid(626ec76e23e6d6b4f88a0b973749f86b) Importer(815301076,1909f56bfc062723c751e8b465ee728b)
Start importing Assets/Sprites/Characters/2_Angry.png using Guid(626ec76e23e6d6b4f88a0b973749f86b) Importer(815301076,1909f56bfc062723c751e8b465ee728b)  -> (artifact id: '1ad94d879586747019d623dcf28cea81') in 0.007296 seconds
  Import took 0.011099 seconds .

========================================================================
Received Import Request.
  Time since last request: 0.000156 seconds.
  path: Assets/Sprites/Characters/2_Sad.png
  artifactKey: Guid(96ccf9c0ebc0df14ba056d6fbeb5b9bc) Importer(815301076,1909f56bfc062723c751e8b465ee728b)
Start importing Assets/Sprites/Characters/2_Sad.png using Guid(96ccf9c0ebc0df14ba056d6fbeb5b9bc) Importer(815301076,1909f56bfc062723c751e8b465ee728b)  -> (artifact id: '8aae5c454591e6ca0d204b543862d10a') in 0.008915 seconds
  Import took 0.012352 seconds .

========================================================================
Received Import Request.
  Time since last request: 0.000235 seconds.
  path: Assets/Sprites/Characters/1_Sad.png
  artifactKey: Guid(19076d33bb0f1dc4690b1cbab75d7ada) Importer(815301076,1909f56bfc062723c751e8b465ee728b)
Start importing Assets/Sprites/Characters/1_Sad.png using Guid(19076d33bb0f1dc4690b1cbab75d7ada) Importer(815301076,1909f56bfc062723c751e8b465ee728b)  -> (artifact id: '4f35298a3a3543f7656bea69010f2090') in 0.008465 seconds
  Import took 0.011109 seconds .

========================================================================
Received Import Request.
  Time since last request: 0.000301 seconds.
  path: Assets/Sprites/Characters/2_Happy.png
  artifactKey: Guid(cb2646e7a5486cd418afa679c22bafda) Importer(815301076,1909f56bfc062723c751e8b465ee728b)
Start importing Assets/Sprites/Characters/2_Happy.png using Guid(cb2646e7a5486cd418afa679c22bafda) Importer(815301076,1909f56bfc062723c751e8b465ee728b)  -> (artifact id: 'd1f2d85bfe3d2f17e4d156f5f030ed65') in 0.013979 seconds
  Import took 0.017692 seconds .

========================================================================
Received Import Request.
  Time since last request: 0.000201 seconds.
  path: Assets/Sprites/Characters/2_Surprised.png
  artifactKey: Guid(d5618be4385d6354bb9bd3fd481d3592) Importer(815301076,1909f56bfc062723c751e8b465ee728b)
Start importing Assets/Sprites/Characters/2_Surprised.png using Guid(d5618be4385d6354bb9bd3fd481d3592) Importer(815301076,1909f56bfc062723c751e8b465ee728b)  -> (artifact id: '8eeaa9bcf75c300e9cbb929628b94d17') in 0.014665 seconds
  Import took 0.019214 seconds .

========================================================================
Received Import Request.
  Time since last request: 13.072759 seconds.
  path: Assets/Sprites/Characters/1_Angry.png
  artifactKey: Guid(db8ecd707aec0aa4ab50adcac208aae6) Importer(815301076,1909f56bfc062723c751e8b465ee728b)
Start importing Assets/Sprites/Characters/1_Angry.png using Guid(db8ecd707aec0aa4ab50adcac208aae6) Importer(815301076,1909f56bfc062723c751e8b465ee728b)  -> (artifact id: 'a9d5c3e6de0b3611112b07d9df66d9ae') in 0.008304 seconds
  Import took 0.011745 seconds .

========================================================================
Received Import Request.
  Time since last request: 0.000215 seconds.
  path: Assets/Sprites/Characters/1_Neutral.png
  artifactKey: Guid(1fd4b0ae92d9c3d4f8612db99fa620f1) Importer(815301076,1909f56bfc062723c751e8b465ee728b)
Start importing Assets/Sprites/Characters/1_Neutral.png using Guid(1fd4b0ae92d9c3d4f8612db99fa620f1) Importer(815301076,1909f56bfc062723c751e8b465ee728b)  -> (artifact id: '327ad1c01574b0bafb16672ac6f0752b') in 0.005918 seconds
  Import took 0.009718 seconds .

========================================================================
Received Import Request.
  Time since last request: 0.000138 seconds.
  path: Assets/Sprites/Characters/1_Surprised.png
  artifactKey: Guid(fb9a22e7cbc7882438ace025ef8daf13) Importer(815301076,1909f56bfc062723c751e8b465ee728b)
Start importing Assets/Sprites/Characters/1_Surprised.png using Guid(fb9a22e7cbc7882438ace025ef8daf13) Importer(815301076,1909f56bfc062723c751e8b465ee728b)  -> (artifact id: '35b0ec17bab0c2ed18a939afa669e0f1') in 0.015340 seconds
  Import took 0.019733 seconds .

========================================================================
Received Import Request.
  Time since last request: 0.000189 seconds.
  path: Assets/Sprites/Characters/1_Happy.png
  artifactKey: Guid(957272cc546888a48be82fbb5ccabf11) Importer(815301076,1909f56bfc062723c751e8b465ee728b)
Start importing Assets/Sprites/Characters/1_Happy.png using Guid(957272cc546888a48be82fbb5ccabf11) Importer(815301076,1909f56bfc062723c751e8b465ee728b)  -> (artifact id: '76d2b033a20eac4ab33aaf22c41fcd0c') in 0.006981 seconds
  Import took 0.010136 seconds .

========================================================================
Received Import Request.
  Time since last request: 0.000233 seconds.
  path: Assets/Sprites/Characters/2_Angry.png
  artifactKey: Guid(626ec76e23e6d6b4f88a0b973749f86b) Importer(815301076,1909f56bfc062723c751e8b465ee728b)
Start importing Assets/Sprites/Characters/2_Angry.png using Guid(626ec76e23e6d6b4f88a0b973749f86b) Importer(815301076,1909f56bfc062723c751e8b465ee728b)  -> (artifact id: '758cca3a49064a493385ad7244dcad28') in 0.007797 seconds
  Import took 0.010313 seconds .

========================================================================
Received Import Request.
  Time since last request: 0.000162 seconds.
  path: Assets/Sprites/Characters/2_Neutral.png
  artifactKey: Guid(3d54f2d2ed3e27d48b01a405ae5ad7b1) Importer(815301076,1909f56bfc062723c751e8b465ee728b)
Start importing Assets/Sprites/Characters/2_Neutral.png using Guid(3d54f2d2ed3e27d48b01a405ae5ad7b1) Importer(815301076,1909f56bfc062723c751e8b465ee728b)  -> (artifact id: '1e06c8588ef576fefbfe594c84e6e61f') in 0.007104 seconds
  Import took 0.010247 seconds .

========================================================================
Received Import Request.
  Time since last request: 0.000323 seconds.
  path: Assets/Sprites/Characters/2_Sad.png
  artifactKey: Guid(96ccf9c0ebc0df14ba056d6fbeb5b9bc) Importer(815301076,1909f56bfc062723c751e8b465ee728b)
Start importing Assets/Sprites/Characters/2_Sad.png using Guid(96ccf9c0ebc0df14ba056d6fbeb5b9bc) Importer(815301076,1909f56bfc062723c751e8b465ee728b)  -> (artifact id: '45e7a4017bd171d81bc0f8c1b27d9f54') in 0.006116 seconds
  Import took 0.009806 seconds .

========================================================================
Received Import Request.
  Time since last request: 0.000118 seconds.
  path: Assets/Sprites/Characters/1_Sad.png
  artifactKey: Guid(19076d33bb0f1dc4690b1cbab75d7ada) Importer(815301076,1909f56bfc062723c751e8b465ee728b)
Start importing Assets/Sprites/Characters/1_Sad.png using Guid(19076d33bb0f1dc4690b1cbab75d7ada) Importer(815301076,1909f56bfc062723c751e8b465ee728b)  -> (artifact id: 'd4c6765298ad1c9cd81865e489b47573') in 0.006686 seconds
  Import took 0.009071 seconds .

========================================================================
Received Import Request.
  Time since last request: 0.000152 seconds.
  path: Assets/Sprites/Characters/2_Happy.png
  artifactKey: Guid(cb2646e7a5486cd418afa679c22bafda) Importer(815301076,1909f56bfc062723c751e8b465ee728b)
Start importing Assets/Sprites/Characters/2_Happy.png using Guid(cb2646e7a5486cd418afa679c22bafda) Importer(815301076,1909f56bfc062723c751e8b465ee728b)  -> (artifact id: '5150dd6200da1c2fcf8ff484c4573e3d') in 0.007671 seconds
  Import took 0.010288 seconds .

========================================================================
Received Import Request.
  Time since last request: 0.000131 seconds.
  path: Assets/Sprites/Characters/2_Surprised.png
  artifactKey: Guid(d5618be4385d6354bb9bd3fd481d3592) Importer(815301076,1909f56bfc062723c751e8b465ee728b)
Start importing Assets/Sprites/Characters/2_Surprised.png using Guid(d5618be4385d6354bb9bd3fd481d3592) Importer(815301076,1909f56bfc062723c751e8b465ee728b)  -> (artifact id: '00b94b752aadc79fc72f413715a18330') in 0.007617 seconds
  Import took 0.010167 seconds .

========================================================================
Received Import Request.
  Time since last request: 11.875415 seconds.
  path: Assets/Sprites/Characters/1_Angry.png
  artifactKey: Guid(db8ecd707aec0aa4ab50adcac208aae6) Importer(815301076,1909f56bfc062723c751e8b465ee728b)
Start importing Assets/Sprites/Characters/1_Angry.png using Guid(db8ecd707aec0aa4ab50adcac208aae6) Importer(815301076,1909f56bfc062723c751e8b465ee728b)  -> (artifact id: 'a5fae22d4c782bd83f7a0b193d57a67d') in 0.006161 seconds
  Import took 0.010151 seconds .

========================================================================
Received Import Request.
  Time since last request: 0.000137 seconds.
  path: Assets/Sprites/Characters/1_Neutral.png
  artifactKey: Guid(1fd4b0ae92d9c3d4f8612db99fa620f1) Importer(815301076,1909f56bfc062723c751e8b465ee728b)
Start importing Assets/Sprites/Characters/1_Neutral.png using Guid(1fd4b0ae92d9c3d4f8612db99fa620f1) Importer(815301076,1909f56bfc062723c751e8b465ee728b)  -> (artifact id: 'b73c8c5c1bd367e0d6597060d938019c') in 0.006792 seconds
  Import took 0.009873 seconds .

========================================================================
Received Import Request.
  Time since last request: 0.000164 seconds.
  path: Assets/Sprites/Characters/1_Surprised.png
  artifactKey: Guid(fb9a22e7cbc7882438ace025ef8daf13) Importer(815301076,1909f56bfc062723c751e8b465ee728b)
Start importing Assets/Sprites/Characters/1_Surprised.png using Guid(fb9a22e7cbc7882438ace025ef8daf13) Importer(815301076,1909f56bfc062723c751e8b465ee728b)  -> (artifact id: 'aeefa8a1605a466cd167e5b1d1f3c8b2') in 0.007493 seconds
  Import took 0.011057 seconds .

========================================================================
Received Import Request.
  Time since last request: 0.000190 seconds.
  path: Assets/Sprites/Characters/1_Happy.png
  artifactKey: Guid(957272cc546888a48be82fbb5ccabf11) Importer(815301076,1909f56bfc062723c751e8b465ee728b)
Start importing Assets/Sprites/Characters/1_Happy.png using Guid(957272cc546888a48be82fbb5ccabf11) Importer(815301076,1909f56bfc062723c751e8b465ee728b)  -> (artifact id: '59ceeda816ff8e561567574b6b3db456') in 0.007567 seconds
  Import took 0.010337 seconds .

========================================================================
Received Import Request.
  Time since last request: 0.000136 seconds.
  path: Assets/Sprites/Characters/2_Angry.png
  artifactKey: Guid(626ec76e23e6d6b4f88a0b973749f86b) Importer(815301076,1909f56bfc062723c751e8b465ee728b)
Start importing Assets/Sprites/Characters/2_Angry.png using Guid(626ec76e23e6d6b4f88a0b973749f86b) Importer(815301076,1909f56bfc062723c751e8b465ee728b)  -> (artifact id: '4332f7ceff4b7da25664b4b7e9680b2b') in 0.006939 seconds
  Import took 0.009580 seconds .

========================================================================
Received Import Request.
  Time since last request: 0.000130 seconds.
  path: Assets/Sprites/Characters/2_Neutral.png
  artifactKey: Guid(3d54f2d2ed3e27d48b01a405ae5ad7b1) Importer(815301076,1909f56bfc062723c751e8b465ee728b)
Start importing Assets/Sprites/Characters/2_Neutral.png using Guid(3d54f2d2ed3e27d48b01a405ae5ad7b1) Importer(815301076,1909f56bfc062723c751e8b465ee728b)  -> (artifact id: 'd08a856bc6cba354edc716c03644b1e6') in 0.007030 seconds
  Import took 0.010393 seconds .

========================================================================
Received Import Request.
  Time since last request: 0.000237 seconds.
  path: Assets/Sprites/Characters/2_Sad.png
  artifactKey: Guid(96ccf9c0ebc0df14ba056d6fbeb5b9bc) Importer(815301076,1909f56bfc062723c751e8b465ee728b)
Start importing Assets/Sprites/Characters/2_Sad.png using Guid(96ccf9c0ebc0df14ba056d6fbeb5b9bc) Importer(815301076,1909f56bfc062723c751e8b465ee728b)  -> (artifact id: 'e7b1fcc2cdb34f9a118f6e2cee809939') in 0.007274 seconds
  Import took 0.010560 seconds .

========================================================================
Received Import Request.
  Time since last request: 0.000209 seconds.
  path: Assets/Sprites/Characters/1_Sad.png
  artifactKey: Guid(19076d33bb0f1dc4690b1cbab75d7ada) Importer(815301076,1909f56bfc062723c751e8b465ee728b)
Start importing Assets/Sprites/Characters/1_Sad.png using Guid(19076d33bb0f1dc4690b1cbab75d7ada) Importer(815301076,1909f56bfc062723c751e8b465ee728b)  -> (artifact id: 'fda388ddfaacfb588f9c81e2993c23c1') in 0.009122 seconds
  Import took 0.012224 seconds .

========================================================================
Received Import Request.
  Time since last request: 0.000210 seconds.
  path: Assets/Sprites/Characters/2_Happy.png
  artifactKey: Guid(cb2646e7a5486cd418afa679c22bafda) Importer(815301076,1909f56bfc062723c751e8b465ee728b)
Start importing Assets/Sprites/Characters/2_Happy.png using Guid(cb2646e7a5486cd418afa679c22bafda) Importer(815301076,1909f56bfc062723c751e8b465ee728b)  -> (artifact id: '13df7ee934d75de933cf8061ac6625df') in 0.009618 seconds
  Import took 0.012190 seconds .

========================================================================
Received Import Request.
  Time since last request: 0.000271 seconds.
  path: Assets/Sprites/Characters/2_Surprised.png
  artifactKey: Guid(d5618be4385d6354bb9bd3fd481d3592) Importer(815301076,1909f56bfc062723c751e8b465ee728b)
Start importing Assets/Sprites/Characters/2_Surprised.png using Guid(d5618be4385d6354bb9bd3fd481d3592) Importer(815301076,1909f56bfc062723c751e8b465ee728b)  -> (artifact id: '04690af5248bdaedfc36be7a71152e50') in 0.008870 seconds
  Import took 0.012655 seconds .

========================================================================
Received Import Request.
  Time since last request: 13.821309 seconds.
  path: Assets/Sprites/Characters/1_Angry.png
  artifactKey: Guid(db8ecd707aec0aa4ab50adcac208aae6) Importer(815301076,1909f56bfc062723c751e8b465ee728b)
Start importing Assets/Sprites/Characters/1_Angry.png using Guid(db8ecd707aec0aa4ab50adcac208aae6) Importer(815301076,1909f56bfc062723c751e8b465ee728b)  -> (artifact id: 'ced235411938c42456d9210de9f72da8') in 0.008297 seconds
  Import took 0.011021 seconds .

========================================================================
Received Import Request.
  Time since last request: 0.000190 seconds.
  path: Assets/Sprites/Characters/1_Neutral.png
  artifactKey: Guid(1fd4b0ae92d9c3d4f8612db99fa620f1) Importer(815301076,1909f56bfc062723c751e8b465ee728b)
Start importing Assets/Sprites/Characters/1_Neutral.png using Guid(1fd4b0ae92d9c3d4f8612db99fa620f1) Importer(815301076,1909f56bfc062723c751e8b465ee728b)  -> (artifact id: 'a3587c835287833c14b5ad8bef30475c') in 0.007747 seconds
  Import took 0.011108 seconds .

========================================================================
Received Import Request.
  Time since last request: 0.000452 seconds.
  path: Assets/Sprites/Characters/1_Surprised.png
  artifactKey: Guid(fb9a22e7cbc7882438ace025ef8daf13) Importer(815301076,1909f56bfc062723c751e8b465ee728b)
Start importing Assets/Sprites/Characters/1_Surprised.png using Guid(fb9a22e7cbc7882438ace025ef8daf13) Importer(815301076,1909f56bfc062723c751e8b465ee728b)  -> (artifact id: 'bf5368819669ee1bf8f490d1eff3637f') in 0.006318 seconds
  Import took 0.009564 seconds .

========================================================================
Received Import Request.
  Time since last request: 0.000150 seconds.
  path: Assets/Sprites/Characters/1_Happy.png
  artifactKey: Guid(957272cc546888a48be82fbb5ccabf11) Importer(815301076,1909f56bfc062723c751e8b465ee728b)
Start importing Assets/Sprites/Characters/1_Happy.png using Guid(957272cc546888a48be82fbb5ccabf11) Importer(815301076,1909f56bfc062723c751e8b465ee728b)  -> (artifact id: 'e07d4d1ec314870e146a426a3305d8ad') in 0.008031 seconds
  Import took 0.011288 seconds .

========================================================================
Received Import Request.
  Time since last request: 0.000377 seconds.
  path: Assets/Sprites/Characters/2_Angry.png
  artifactKey: Guid(626ec76e23e6d6b4f88a0b973749f86b) Importer(815301076,1909f56bfc062723c751e8b465ee728b)
Start importing Assets/Sprites/Characters/2_Angry.png using Guid(626ec76e23e6d6b4f88a0b973749f86b) Importer(815301076,1909f56bfc062723c751e8b465ee728b)  -> (artifact id: 'd39d63ec74c09a788c4043a654d6a9f5') in 0.007407 seconds
  Import took 0.010920 seconds .

========================================================================
Received Import Request.
  Time since last request: 0.000140 seconds.
  path: Assets/Sprites/Characters/2_Neutral.png
  artifactKey: Guid(3d54f2d2ed3e27d48b01a405ae5ad7b1) Importer(815301076,1909f56bfc062723c751e8b465ee728b)
Start importing Assets/Sprites/Characters/2_Neutral.png using Guid(3d54f2d2ed3e27d48b01a405ae5ad7b1) Importer(815301076,1909f56bfc062723c751e8b465ee728b)  -> (artifact id: 'e5d37ac4fb4ac08b55309cbcedb922f9') in 0.007268 seconds
  Import took 0.010820 seconds .

========================================================================
Received Import Request.
  Time since last request: 0.000169 seconds.
  path: Assets/Sprites/Characters/2_Sad.png
  artifactKey: Guid(96ccf9c0ebc0df14ba056d6fbeb5b9bc) Importer(815301076,1909f56bfc062723c751e8b465ee728b)
Start importing Assets/Sprites/Characters/2_Sad.png using Guid(96ccf9c0ebc0df14ba056d6fbeb5b9bc) Importer(815301076,1909f56bfc062723c751e8b465ee728b)  -> (artifact id: '5fda9e6bb3697da91ab0e4b68bc72342') in 0.007541 seconds
  Import took 0.010778 seconds .

========================================================================
Received Import Request.
  Time since last request: 0.000192 seconds.
  path: Assets/Sprites/Characters/1_Sad.png
  artifactKey: Guid(19076d33bb0f1dc4690b1cbab75d7ada) Importer(815301076,1909f56bfc062723c751e8b465ee728b)
Start importing Assets/Sprites/Characters/1_Sad.png using Guid(19076d33bb0f1dc4690b1cbab75d7ada) Importer(815301076,1909f56bfc062723c751e8b465ee728b)  -> (artifact id: 'a2fb3bf095394b7f464f11acf6fb8f50') in 0.005487 seconds
  Import took 0.008754 seconds .

========================================================================
Received Import Request.
  Time since last request: 0.000331 seconds.
  path: Assets/Sprites/Characters/2_Happy.png
  artifactKey: Guid(cb2646e7a5486cd418afa679c22bafda) Importer(815301076,1909f56bfc062723c751e8b465ee728b)
Start importing Assets/Sprites/Characters/2_Happy.png using Guid(cb2646e7a5486cd418afa679c22bafda) Importer(815301076,1909f56bfc062723c751e8b465ee728b)  -> (artifact id: 'ffce6f5891f7db541319f341d818a313') in 0.006788 seconds
  Import took 0.010131 seconds .

========================================================================
Received Import Request.
  Time since last request: 0.000198 seconds.
  path: Assets/Sprites/Characters/2_Surprised.png
  artifactKey: Guid(d5618be4385d6354bb9bd3fd481d3592) Importer(815301076,1909f56bfc062723c751e8b465ee728b)
Start importing Assets/Sprites/Characters/2_Surprised.png using Guid(d5618be4385d6354bb9bd3fd481d3592) Importer(815301076,1909f56bfc062723c751e8b465ee728b)  -> (artifact id: '0f1f5c1c677045ebec0257478f92a169') in 0.007756 seconds
  Import took 0.012156 seconds .

========================================================================
Received Prepare
Registering precompiled user dll's ...
Registered in 0.000927 seconds.
Begin MonoManager ReloadAssembly
Native extension for WindowsStandalone target not found
Native extension for WebGL target not found
Refreshing native plugins compatible for Editor in 0.31 ms, found 1 plugins.
Preloading 0 native plugins for Editor in 0.00 ms.
Mono: successfully reloaded assembly
- Completed reload, in  0.889 seconds
Platform modules already initialized, skipping
Refreshing native plugins compatible for Editor in 0.34 ms, found 1 plugins.
Preloading 0 native plugins for Editor in 0.00 ms.
Unloading 1809 Unused Serialized files (Serialized files now loaded: 0)
System memory in use before: 89.1 MB.
System memory in use after: 89.1 MB.

Unloading 12 unused Assets to reduce memory usage. Loaded Objects now: 2349.
Total: 2.016200 ms (FindLiveObjects: 0.438800 ms CreateObjectMapping: 0.102500 ms MarkObjects: 1.379400 ms  DeleteObjects: 0.091400 ms)

========================================================================
Received Import Request.
  Time since last request: 267.422712 seconds.
  path: Assets/Scripts/S_DialogueCharacter.cs
  artifactKey: Guid(1302003ef51c4834983686db54876544) Importer(815301076,1909f56bfc062723c751e8b465ee728b)
Start importing Assets/Scripts/S_DialogueCharacter.cs using Guid(1302003ef51c4834983686db54876544) Importer(815301076,1909f56bfc062723c751e8b465ee728b)  -> (artifact id: '95884814919c46e1a7ccd3fb635952fc') in 0.005326 seconds
  Import took 0.007821 seconds .

========================================================================
Received Prepare
Registering precompiled user dll's ...
Registered in 0.001015 seconds.
Begin MonoManager ReloadAssembly
Native extension for WindowsStandalone target not found
Native extension for WebGL target not found
Refreshing native plugins compatible for Editor in 0.31 ms, found 1 plugins.
Preloading 0 native plugins for Editor in 0.00 ms.
Mono: successfully reloaded assembly
- Completed reload, in  0.832 seconds
Platform modules already initialized, skipping
Refreshing native plugins compatible for Editor in 0.34 ms, found 1 plugins.
Preloading 0 native plugins for Editor in 0.00 ms.
Unloading 1809 Unused Serialized files (Serialized files now loaded: 0)
System memory in use before: 89.1 MB.
System memory in use after: 89.1 MB.

Unloading 12 unused Assets to reduce memory usage. Loaded Objects now: 2353.
Total: 1.706200 ms (FindLiveObjects: 0.197200 ms CreateObjectMapping: 0.095300 ms MarkObjects: 1.304300 ms  DeleteObjects: 0.088000 ms)

========================================================================
Received Import Request.
  Time since last request: 62.140181 seconds.
  path: Assets/Scripts/S_DialogueEmotions.cs
  artifactKey: Guid(a8bfbb2fcba715245b9f4f485c39620d) Importer(815301076,1909f56bfc062723c751e8b465ee728b)
Start importing Assets/Scripts/S_DialogueEmotions.cs using Guid(a8bfbb2fcba715245b9f4f485c39620d) Importer(815301076,1909f56bfc062723c751e8b465ee728b)  -> (artifact id: '8fcc21b289d63bafccb24e42c35d2c1f') in 0.008729 seconds
  Import took 0.011859 seconds .

========================================================================
Received Prepare
Registering precompiled user dll's ...
Registered in 0.000941 seconds.
Begin MonoManager ReloadAssembly
Native extension for WindowsStandalone target not found
Native extension for WebGL target not found
Refreshing native plugins compatible for Editor in 0.40 ms, found 1 plugins.
Preloading 0 native plugins for Editor in 0.00 ms.
Mono: successfully reloaded assembly
- Completed reload, in  0.856 seconds
Platform modules already initialized, skipping
Refreshing native plugins compatible for Editor in 0.94 ms, found 1 plugins.
Preloading 0 native plugins for Editor in 0.00 ms.
Unloading 1809 Unused Serialized files (Serialized files now loaded: 0)
System memory in use before: 89.1 MB.
System memory in use after: 89.1 MB.

Unloading 12 unused Assets to reduce memory usage. Loaded Objects now: 2357.
Total: 1.755600 ms (FindLiveObjects: 0.237200 ms CreateObjectMapping: 0.109900 ms MarkObjects: 1.312300 ms  DeleteObjects: 0.095400 ms)

========================================================================
Received Import Request.
  Time since last request: 500.811157 seconds.
  path: Assets/ScriptableObjects/Character1.asset
  artifactKey: Guid(184f00dd1dfe2e244a0d2276d80c3802) Importer(815301076,1909f56bfc062723c751e8b465ee728b)
Start importing Assets/ScriptableObjects/Character1.asset using Guid(184f00dd1dfe2e244a0d2276d80c3802) Importer(815301076,1909f56bfc062723c751e8b465ee728b)  -> (artifact id: '6d9ac86043fffc94b2df852d353f10af') in 0.022579 seconds
  Import took 0.025977 seconds .

========================================================================
Received Import Request.
  Time since last request: 0.002491 seconds.
  path: Assets/ScriptableObjects/Character1.asset
  artifactKey: Guid(184f00dd1dfe2e244a0d2276d80c3802) Importer(815301076,1909f56bfc062723c751e8b465ee728b)
Start importing Assets/ScriptableObjects/Character1.asset using Guid(184f00dd1dfe2e244a0d2276d80c3802) Importer(815301076,1909f56bfc062723c751e8b465ee728b)  -> (artifact id: '6d9ac86043fffc94b2df852d353f10af') in 0.004280 seconds
  Import took 0.007624 seconds .

========================================================================
Received Import Request.
  Time since last request: 8.119377 seconds.
  path: Assets/ScriptableObjects/CH_Character1.asset
  artifactKey: Guid(184f00dd1dfe2e244a0d2276d80c3802) Importer(815301076,1909f56bfc062723c751e8b465ee728b)
Start importing Assets/ScriptableObjects/CH_Character1.asset using Guid(184f00dd1dfe2e244a0d2276d80c3802) Importer(815301076,1909f56bfc062723c751e8b465ee728b)  -> (artifact id: 'cfe9a54d373294129bcb87feea868807') in 0.008516 seconds
  Import took 0.011771 seconds .

========================================================================
Received Prepare
Registering precompiled user dll's ...
Registered in 0.000946 seconds.
Begin MonoManager ReloadAssembly
Native extension for WindowsStandalone target not found
Native extension for WebGL target not found
Refreshing native plugins compatible for Editor in 0.31 ms, found 1 plugins.
Preloading 0 native plugins for Editor in 0.00 ms.
Mono: successfully reloaded assembly
- Completed reload, in  0.818 seconds
Platform modules already initialized, skipping
Refreshing native plugins compatible for Editor in 0.32 ms, found 1 plugins.
Preloading 0 native plugins for Editor in 0.00 ms.
Unloading 1809 Unused Serialized files (Serialized files now loaded: 0)
System memory in use before: 89.1 MB.
System memory in use after: 89.1 MB.

Unloading 12 unused Assets to reduce memory usage. Loaded Objects now: 2361.
Total: 2.213300 ms (FindLiveObjects: 0.289900 ms CreateObjectMapping: 0.109900 ms MarkObjects: 1.711800 ms  DeleteObjects: 0.100800 ms)

========================================================================
Received Import Request.
  Time since last request: 97.612659 seconds.
  path: Assets/ScriptableObjects/CH_Character2.asset
  artifactKey: Guid(6b5b56fe202a8f04488d210b351e4e96) Importer(815301076,1909f56bfc062723c751e8b465ee728b)
Start importing Assets/ScriptableObjects/CH_Character2.asset using Guid(6b5b56fe202a8f04488d210b351e4e96) Importer(815301076,1909f56bfc062723c751e8b465ee728b)  -> (artifact id: 'e81d29271adaa3c589a8e929cc4d2398') in 0.018837 seconds
  Import took 0.024079 seconds .

========================================================================
Received Import Request.
  Time since last request: 0.000291 seconds.
  path: Assets/ScriptableObjects/CH_Character2.asset
  artifactKey: Guid(6b5b56fe202a8f04488d210b351e4e96) Importer(815301076,1909f56bfc062723c751e8b465ee728b)
Start importing Assets/ScriptableObjects/CH_Character2.asset using Guid(6b5b56fe202a8f04488d210b351e4e96) Importer(815301076,1909f56bfc062723c751e8b465ee728b)  -> (artifact id: 'e81d29271adaa3c589a8e929cc4d2398') in 0.002851 seconds
  Import took 0.006583 seconds .

========================================================================
Received Prepare
Registering precompiled user dll's ...
Registered in 0.001889 seconds.
Begin MonoManager ReloadAssembly
Native extension for WindowsStandalone target not found
Native extension for WebGL target not found
Refreshing native plugins compatible for Editor in 0.34 ms, found 1 plugins.
Preloading 0 native plugins for Editor in 0.00 ms.
Mono: successfully reloaded assembly
- Completed reload, in  0.878 seconds
Platform modules already initialized, skipping
Refreshing native plugins compatible for Editor in 0.31 ms, found 1 plugins.
Preloading 0 native plugins for Editor in 0.00 ms.
Unloading 1809 Unused Serialized files (Serialized files now loaded: 0)
System memory in use before: 89.1 MB.
System memory in use after: 89.1 MB.

Unloading 12 unused Assets to reduce memory usage. Loaded Objects now: 2365.
Total: 2.262000 ms (FindLiveObjects: 0.374800 ms CreateObjectMapping: 0.172800 ms MarkObjects: 1.559500 ms  DeleteObjects: 0.153900 ms)

========================================================================
Received Import Request.
  Time since last request: 3745.181295 seconds.
  path: Assets/Scripts/S_Text.cs
  artifactKey: Guid(f6d0451f2f4123e4aaedf9729df21cba) Importer(815301076,1909f56bfc062723c751e8b465ee728b)
Start importing Assets/Scripts/S_Text.cs using Guid(f6d0451f2f4123e4aaedf9729df21cba) Importer(815301076,1909f56bfc062723c751e8b465ee728b)  -> (artifact id: '021f24456fdf463760e83e831e56d765') in 0.032036 seconds
  Import took 0.067144 seconds .

========================================================================
Received Prepare
Registering precompiled user dll's ...
Registered in 0.001072 seconds.
Begin MonoManager ReloadAssembly
Native extension for WindowsStandalone target not found
Native extension for WebGL target not found
Refreshing native plugins compatible for Editor in 0.32 ms, found 1 plugins.
Preloading 0 native plugins for Editor in 0.00 ms.
Mono: successfully reloaded assembly
- Completed reload, in  0.905 seconds
Platform modules already initialized, skipping
Refreshing native plugins compatible for Editor in 0.89 ms, found 1 plugins.
Preloading 0 native plugins for Editor in 0.00 ms.
Unloading 1810 Unused Serialized files (Serialized files now loaded: 0)
System memory in use before: 89.2 MB.
System memory in use after: 89.1 MB.

Unloading 12 unused Assets to reduce memory usage. Loaded Objects now: 2370.
Total: 1.823300 ms (FindLiveObjects: 0.234300 ms CreateObjectMapping: 0.067400 ms MarkObjects: 1.381100 ms  DeleteObjects: 0.139100 ms)

========================================================================
Received Import Request.
  Time since last request: 7.397505 seconds.
  path: Assets/Scripts/S_DialogueCharacter.cs
  artifactKey: Guid(1302003ef51c4834983686db54876544) Importer(815301076,1909f56bfc062723c751e8b465ee728b)
Start importing Assets/Scripts/S_DialogueCharacter.cs using Guid(1302003ef51c4834983686db54876544) Importer(815301076,1909f56bfc062723c751e8b465ee728b)  -> (artifact id: '553b98fe8948626925187a3c36c7874c') in 0.011391 seconds
  Import took 0.014579 seconds .

========================================================================
Received Import Request.
  Time since last request: 410.937129 seconds.
  path: Assets/Scripts/S_Dialogue.cs
  artifactKey: Guid(e5571cad43e221b43bcaab4d60ad6ddf) Importer(815301076,1909f56bfc062723c751e8b465ee728b)
Start importing Assets/Scripts/S_Dialogue.cs using Guid(e5571cad43e221b43bcaab4d60ad6ddf) Importer(815301076,1909f56bfc062723c751e8b465ee728b)  -> (artifact id: 'cc760f7600e7f0125c5d07af08b1d6c7') in 0.010289 seconds
  Import took 0.014277 seconds .

========================================================================
Received Prepare
Registering precompiled user dll's ...
Registered in 0.000888 seconds.
Begin MonoManager ReloadAssembly
Native extension for WindowsStandalone target not found
Native extension for WebGL target not found
Refreshing native plugins compatible for Editor in 0.32 ms, found 1 plugins.
Preloading 0 native plugins for Editor in 0.00 ms.
Mono: successfully reloaded assembly
- Completed reload, in  0.898 seconds
Platform modules already initialized, skipping
Refreshing native plugins compatible for Editor in 0.39 ms, found 1 plugins.
Preloading 0 native plugins for Editor in 0.00 ms.
Unloading 1810 Unused Serialized files (Serialized files now loaded: 0)
System memory in use before: 89.4 MB.
System memory in use after: 89.4 MB.

Unloading 12 unused Assets to reduce memory usage. Loaded Objects now: 2374.
Total: 2.175500 ms (FindLiveObjects: 0.314000 ms CreateObjectMapping: 0.150900 ms MarkObjects: 1.605900 ms  DeleteObjects: 0.103300 ms)

========================================================================
Received Import Request.
  Time since last request: 360.902859 seconds.
  path: Assets/Scripts/S_DialogueModes.cs
  artifactKey: Guid(c9d633624f0a79e4696087822415852c) Importer(815301076,1909f56bfc062723c751e8b465ee728b)
Start importing Assets/Scripts/S_DialogueModes.cs using Guid(c9d633624f0a79e4696087822415852c) Importer(815301076,1909f56bfc062723c751e8b465ee728b)  -> (artifact id: '2c9bb514896d2fd226cb4e59d7682702') in 0.005471 seconds
  Import took 0.008482 seconds .

========================================================================
Received Import Request.
  Time since last request: 691.526665 seconds.
  path: Assets/Scripts/S_DialogueText.cs
  artifactKey: Guid(b2a7547b9289318428d064e34df5170f) Importer(815301076,1909f56bfc062723c751e8b465ee728b)
Start importing Assets/Scripts/S_DialogueText.cs using Guid(b2a7547b9289318428d064e34df5170f) Importer(815301076,1909f56bfc062723c751e8b465ee728b)  -> (artifact id: 'cfe39d8f44a3fae07a509cf8ae676d20') in 0.008947 seconds
  Import took 0.012187 seconds .

========================================================================
Received Prepare
Registering precompiled user dll's ...
Registered in 0.000893 seconds.
Begin MonoManager ReloadAssembly
Native extension for WindowsStandalone target not found
Native extension for WebGL target not found
Refreshing native plugins compatible for Editor in 0.37 ms, found 1 plugins.
Preloading 0 native plugins for Editor in 0.00 ms.
Mono: successfully reloaded assembly
- Completed reload, in  0.889 seconds
Platform modules already initialized, skipping
Refreshing native plugins compatible for Editor in 0.31 ms, found 1 plugins.
Preloading 0 native plugins for Editor in 0.00 ms.
Unloading 1811 Unused Serialized files (Serialized files now loaded: 0)
System memory in use before: 89.4 MB.
System memory in use after: 89.4 MB.

Unloading 12 unused Assets to reduce memory usage. Loaded Objects now: 2379.
Total: 1.673400 ms (FindLiveObjects: 0.182900 ms CreateObjectMapping: 0.066400 ms MarkObjects: 1.321300 ms  DeleteObjects: 0.101600 ms)

========================================================================
Received Import Request.
  Time since last request: 819.113980 seconds.
  path: Assets/Scripts/S_DialogueText.cs
  artifactKey: Guid(b2a7547b9289318428d064e34df5170f) Importer(815301076,1909f56bfc062723c751e8b465ee728b)
Start importing Assets/Scripts/S_DialogueText.cs using Guid(b2a7547b9289318428d064e34df5170f) Importer(815301076,1909f56bfc062723c751e8b465ee728b)  -> (artifact id: '9b60426def4d28963c4849a5479eb3c7') in 0.006201 seconds
  Import took 0.008710 seconds .

========================================================================
Received Prepare
Registering precompiled user dll's ...
Registered in 0.001784 seconds.
Begin MonoManager ReloadAssembly
Native extension for WindowsStandalone target not found
Native extension for WebGL target not found
Refreshing native plugins compatible for Editor in 0.32 ms, found 1 plugins.
Preloading 0 native plugins for Editor in 0.00 ms.
Mono: successfully reloaded assembly
- Completed reload, in  0.809 seconds
Platform modules already initialized, skipping
Refreshing native plugins compatible for Editor in 0.42 ms, found 1 plugins.
Preloading 0 native plugins for Editor in 0.00 ms.
Unloading 1811 Unused Serialized files (Serialized files now loaded: 0)
System memory in use before: 89.4 MB.
System memory in use after: 89.4 MB.

Unloading 12 unused Assets to reduce memory usage. Loaded Objects now: 2383.
Total: 1.767100 ms (FindLiveObjects: 0.222900 ms CreateObjectMapping: 0.077600 ms MarkObjects: 1.368700 ms  DeleteObjects: 0.097000 ms)

========================================================================
Received Import Request.
  Time since last request: 1999.990760 seconds.
  path: Assets/Scripts/S_DialogueOptions.cs
  artifactKey: Guid(5fc30f12b5e6da641a95a2b27ac186bd) Importer(815301076,1909f56bfc062723c751e8b465ee728b)
Start importing Assets/Scripts/S_DialogueOptions.cs using Guid(5fc30f12b5e6da641a95a2b27ac186bd) Importer(815301076,1909f56bfc062723c751e8b465ee728b)  -> (artifact id: 'a0b7f2c8789878b806a1371e42adf427') in 0.010712 seconds
  Import took 0.013727 seconds .

========================================================================
Received Prepare
Registering precompiled user dll's ...
Registered in 0.001238 seconds.
Begin MonoManager ReloadAssembly
Native extension for WindowsStandalone target not found
Native extension for WebGL target not found
Refreshing native plugins compatible for Editor in 0.32 ms, found 1 plugins.
Preloading 0 native plugins for Editor in 0.00 ms.
Mono: successfully reloaded assembly
- Completed reload, in  0.848 seconds
Platform modules already initialized, skipping
Refreshing native plugins compatible for Editor in 0.54 ms, found 1 plugins.
Preloading 0 native plugins for Editor in 0.00 ms.
Unloading 1812 Unused Serialized files (Serialized files now loaded: 0)
System memory in use before: 89.5 MB.
System memory in use after: 89.4 MB.

Unloading 12 unused Assets to reduce memory usage. Loaded Objects now: 2388.
Total: 2.641500 ms (FindLiveObjects: 0.681400 ms CreateObjectMapping: 0.331600 ms MarkObjects: 1.528900 ms  DeleteObjects: 0.096600 ms)

========================================================================
Received Prepare
Registering precompiled user dll's ...
Registered in 0.000805 seconds.
Begin MonoManager ReloadAssembly
Native extension for WindowsStandalone target not found
Native extension for WebGL target not found
Refreshing native plugins compatible for Editor in 0.31 ms, found 1 plugins.
Preloading 0 native plugins for Editor in 0.00 ms.
Mono: successfully reloaded assembly
- Completed reload, in  0.782 seconds
Platform modules already initialized, skipping
Refreshing native plugins compatible for Editor in 0.37 ms, found 1 plugins.
Preloading 0 native plugins for Editor in 0.00 ms.
Unloading 1812 Unused Serialized files (Serialized files now loaded: 0)
System memory in use before: 89.5 MB.
System memory in use after: 89.4 MB.

Unloading 12 unused Assets to reduce memory usage. Loaded Objects now: 2392.
Total: 2.182200 ms (FindLiveObjects: 0.298200 ms CreateObjectMapping: 0.171000 ms MarkObjects: 1.587600 ms  DeleteObjects: 0.124500 ms)

========================================================================
Received Import Request.
  Time since last request: 337.917260 seconds.
  path: Assets/Scripts/S_DialogueOptions.cs
  artifactKey: Guid(5fc30f12b5e6da641a95a2b27ac186bd) Importer(815301076,1909f56bfc062723c751e8b465ee728b)
Start importing Assets/Scripts/S_DialogueOptions.cs using Guid(5fc30f12b5e6da641a95a2b27ac186bd) Importer(815301076,1909f56bfc062723c751e8b465ee728b)  -> (artifact id: 'a294830171bb0186e4bfc3d436eb380f') in 0.005042 seconds
  Import took 0.007449 seconds .

========================================================================
Received Import Request.
  Time since last request: 8.020488 seconds.
  path: Assets/ScriptableObjects/Characters
  artifactKey: Guid(e1306b879fc239a47bb642c9ec0c09a4) Importer(815301076,1909f56bfc062723c751e8b465ee728b)
Start importing Assets/ScriptableObjects/Characters using Guid(e1306b879fc239a47bb642c9ec0c09a4) Importer(815301076,1909f56bfc062723c751e8b465ee728b)  -> (artifact id: 'f2258263f15c9fe87ceb3cda4e98fa30') in 0.007333 seconds
  Import took 0.010653 seconds .

========================================================================
Received Import Request.
  Time since last request: 14.862692 seconds.
  path: Assets/ScriptableObjects/DialogueOptions
  artifactKey: Guid(9ab7d1ff431d8644183abb65f4a35b4b) Importer(815301076,1909f56bfc062723c751e8b465ee728b)
Start importing Assets/ScriptableObjects/DialogueOptions using Guid(9ab7d1ff431d8644183abb65f4a35b4b) Importer(815301076,1909f56bfc062723c751e8b465ee728b)  -> (artifact id: 'a8e3099ca0f1e6dcb59b95e19dfd81f5') in 0.008143 seconds
  Import took 0.010947 seconds .

========================================================================
Received Import Request.
  Time since last request: 13.343113 seconds.
  path: Assets/ScriptableObjects/DialogueOptions/DialogueOptions.asset
  artifactKey: Guid(57e8e96fd20f207438db007b3509fb2e) Importer(815301076,1909f56bfc062723c751e8b465ee728b)
Start importing Assets/ScriptableObjects/DialogueOptions/DialogueOptions.asset using Guid(57e8e96fd20f207438db007b3509fb2e) Importer(815301076,1909f56bfc062723c751e8b465ee728b)  -> (artifact id: '40c72d7485938c656ccad059add8a52e') in 0.010100 seconds
  Import took 0.013319 seconds .

========================================================================
Received Import Request.
  Time since last request: 8.028202 seconds.
  path: Assets/ScriptableObjects/DialogueOptions/DO_DialogueOptions.asset
  artifactKey: Guid(57e8e96fd20f207438db007b3509fb2e) Importer(815301076,1909f56bfc062723c751e8b465ee728b)
Start importing Assets/ScriptableObjects/DialogueOptions/DO_DialogueOptions.asset using Guid(57e8e96fd20f207438db007b3509fb2e) Importer(815301076,1909f56bfc062723c751e8b465ee728b)  -> (artifact id: 'e5988c51352e2c2835acf3938ec36107') in 0.008937 seconds
  Import took 0.011607 seconds .

========================================================================
Received Prepare
Registering precompiled user dll's ...
Registered in 0.000870 seconds.
Begin MonoManager ReloadAssembly
Native extension for WindowsStandalone target not found
Native extension for WebGL target not found
Refreshing native plugins compatible for Editor in 0.31 ms, found 1 plugins.
Preloading 0 native plugins for Editor in 0.00 ms.
Mono: successfully reloaded assembly
- Completed reload, in  0.746 seconds
Platform modules already initialized, skipping
Refreshing native plugins compatible for Editor in 0.31 ms, found 1 plugins.
Preloading 0 native plugins for Editor in 0.00 ms.
Unloading 1812 Unused Serialized files (Serialized files now loaded: 0)
System memory in use before: 89.5 MB.
System memory in use after: 89.5 MB.

Unloading 12 unused Assets to reduce memory usage. Loaded Objects now: 2396.
Total: 2.124500 ms (FindLiveObjects: 0.319800 ms CreateObjectMapping: 0.063400 ms MarkObjects: 1.607800 ms  DeleteObjects: 0.132500 ms)

========================================================================
Received Prepare
Registering precompiled user dll's ...
Registered in 0.001223 seconds.
Begin MonoManager ReloadAssembly
Native extension for WindowsStandalone target not found
Native extension for WebGL target not found
Refreshing native plugins compatible for Editor in 0.32 ms, found 1 plugins.
Preloading 0 native plugins for Editor in 0.00 ms.
Mono: successfully reloaded assembly
- Completed reload, in  0.777 seconds
Platform modules already initialized, skipping
Refreshing native plugins compatible for Editor in 0.31 ms, found 1 plugins.
Preloading 0 native plugins for Editor in 0.00 ms.
Unloading 1812 Unused Serialized files (Serialized files now loaded: 0)
System memory in use before: 89.5 MB.
System memory in use after: 89.5 MB.

Unloading 12 unused Assets to reduce memory usage. Loaded Objects now: 2400.
Total: 2.097400 ms (FindLiveObjects: 0.343400 ms CreateObjectMapping: 0.122600 ms MarkObjects: 1.475400 ms  DeleteObjects: 0.154500 ms)

========================================================================
Received Import Request.
  Time since last request: 793.195327 seconds.
  path: Assets/ScriptableObjects/DialogueOptions/DialogueOptions.asset
  artifactKey: Guid(c958c84ee59c68047877198ec4998d46) Importer(815301076,1909f56bfc062723c751e8b465ee728b)
Start importing Assets/ScriptableObjects/DialogueOptions/DialogueOptions.asset using Guid(c958c84ee59c68047877198ec4998d46) Importer(815301076,1909f56bfc062723c751e8b465ee728b)  -> (artifact id: '6e1f34075bdb38f591115c7b415cfc91') in 0.012275 seconds
  Import took 0.014978 seconds .

========================================================================
Received Import Request.
  Time since last request: 0.002256 seconds.
  path: Assets/ScriptableObjects/DialogueOptions/DialogueOptions.asset
  artifactKey: Guid(c958c84ee59c68047877198ec4998d46) Importer(815301076,1909f56bfc062723c751e8b465ee728b)
Start importing Assets/ScriptableObjects/DialogueOptions/DialogueOptions.asset using Guid(c958c84ee59c68047877198ec4998d46) Importer(815301076,1909f56bfc062723c751e8b465ee728b)  -> (artifact id: '6e1f34075bdb38f591115c7b415cfc91') in 0.003227 seconds
  Import took 0.005919 seconds .

========================================================================
Received Prepare
Registering precompiled user dll's ...
Registered in 0.000885 seconds.
Begin MonoManager ReloadAssembly
Native extension for WindowsStandalone target not found
Native extension for WebGL target not found
Refreshing native plugins compatible for Editor in 0.31 ms, found 1 plugins.
Preloading 0 native plugins for Editor in 0.00 ms.
Mono: successfully reloaded assembly
- Completed reload, in  0.818 seconds
Platform modules already initialized, skipping
Refreshing native plugins compatible for Editor in 0.36 ms, found 1 plugins.
Preloading 0 native plugins for Editor in 0.00 ms.
Unloading 1812 Unused Serialized files (Serialized files now loaded: 0)
System memory in use before: 89.5 MB.
System memory in use after: 89.5 MB.

Unloading 12 unused Assets to reduce memory usage. Loaded Objects now: 2404.
Total: 1.888800 ms (FindLiveObjects: 0.177000 ms CreateObjectMapping: 0.060500 ms MarkObjects: 1.557900 ms  DeleteObjects: 0.092800 ms)

========================================================================
Received Prepare
Registering precompiled user dll's ...
Registered in 0.000983 seconds.
Begin MonoManager ReloadAssembly
Native extension for WindowsStandalone target not found
Native extension for WebGL target not found
Refreshing native plugins compatible for Editor in 0.35 ms, found 1 plugins.
Preloading 0 native plugins for Editor in 0.00 ms.
Mono: successfully reloaded assembly
- Completed reload, in  0.792 seconds
Platform modules already initialized, skipping
Refreshing native plugins compatible for Editor in 0.35 ms, found 1 plugins.
Preloading 0 native plugins for Editor in 0.00 ms.
Unloading 1812 Unused Serialized files (Serialized files now loaded: 0)
System memory in use before: 89.5 MB.
System memory in use after: 89.5 MB.

Unloading 12 unused Assets to reduce memory usage. Loaded Objects now: 2408.
Total: 1.687700 ms (FindLiveObjects: 0.234800 ms CreateObjectMapping: 0.072000 ms MarkObjects: 1.289300 ms  DeleteObjects: 0.090700 ms)

========================================================================
Received Import Request.
  Time since last request: 124.695080 seconds.
  path: Assets/ScriptableObjects/DialogueOptions/DialogueOptions.asset
  artifactKey: Guid(c958c84ee59c68047877198ec4998d46) Importer(815301076,1909f56bfc062723c751e8b465ee728b)
Start importing Assets/ScriptableObjects/DialogueOptions/DialogueOptions.asset using Guid(c958c84ee59c68047877198ec4998d46) Importer(815301076,1909f56bfc062723c751e8b465ee728b)  -> (artifact id: 'ffd2e08647231300d906138e37ae99a8') in 0.013813 seconds
  Import took 0.017084 seconds .

========================================================================
Received Prepare
Registering precompiled user dll's ...
Registered in 0.000729 seconds.
Begin MonoManager ReloadAssembly
Native extension for WindowsStandalone target not found
Native extension for WebGL target not found
Refreshing native plugins compatible for Editor in 0.30 ms, found 1 plugins.
Preloading 0 native plugins for Editor in 0.00 ms.
Mono: successfully reloaded assembly
- Completed reload, in  0.747 seconds
Platform modules already initialized, skipping
Refreshing native plugins compatible for Editor in 0.31 ms, found 1 plugins.
Preloading 0 native plugins for Editor in 0.00 ms.
Unloading 1812 Unused Serialized files (Serialized files now loaded: 0)
System memory in use before: 89.5 MB.
System memory in use after: 89.5 MB.

Unloading 12 unused Assets to reduce memory usage. Loaded Objects now: 2412.
Total: 1.741300 ms (FindLiveObjects: 0.164000 ms CreateObjectMapping: 0.058400 ms MarkObjects: 1.428900 ms  DeleteObjects: 0.089400 ms)

AssetImportWorkerClient::OnTransportError - code=2 error=End of file
